<?xml version="1.0" encoding="UTF-8"?>
<testsuite name="org.example.StreamBenchmarkTest" tests="2" skipped="0" failures="0" errors="0" timestamp="2024-07-23T22:17:09" hostname="DESKTOP-8VJ9NGG" time="1.398">
  <properties/>
  <testcase name="testParallelStream()" classname="org.example.StreamBenchmarkTest" time="0.797"/>
  <testcase name="testStream()" classname="org.example.StreamBenchmarkTest" time="0.6"/>
  <system-out><![CDATA[]]></system-out>
  <system-err><![CDATA[]]></system-err>
</testsuite>
