<?xml version="1.0" encoding="UTF-8"?>
<testsuite name="org.example.AvionTest" tests="2" skipped="0" failures="0" errors="0" timestamp="2024-07-23T22:17:07" hostname="DESKTOP-8VJ9NGG" time="0.006">
  <properties/>
  <testcase name="testGetCapacidadCombustible()" classname="org.example.AvionTest" time="0.002"/>
  <testcase name="testGetConsumoCombustible()" classname="org.example.AvionTest" time="0.002"/>
  <system-out><![CDATA[]]></system-out>
  <system-err><![CDATA[]]></system-err>
</testsuite>
