<?xml version="1.0" encoding="UTF-8"?>
<testsuite name="org.example.AvionPrivadoTest" tests="1" skipped="0" failures="0" errors="0" timestamp="2024-07-23T22:17:07" hostname="DESKTOP-8VJ9NGG" time="0.003">
  <properties/>
  <testcase name="testVolarDelAvionPrivado()" classname="org.example.AvionPrivadoTest" time="0.003"/>
  <system-out><![CDATA[]]></system-out>
  <system-err><![CDATA[]]></system-err>
</testsuite>
