<?xml version="1.0" encoding="UTF-8"?>
<testsuite name="org.example.Ejercicio4Test" tests="1" skipped="0" failures="0" errors="0" timestamp="2024-07-23T22:17:09" hostname="DESKTOP-8VJ9NGG" time="0.029">
  <properties/>
  <testcase name="finalizaronLaPrimeraTarea()" classname="org.example.Ejercicio4Test" time="0.029"/>
  <system-out><![CDATA[]]></system-out>
  <system-err><![CDATA[]]></system-err>
</testsuite>
