<?xml version="1.0" encoding="UTF-8"?>
<testsuite name="org.example.CalcularCombustibleTest" tests="3" skipped="0" failures="0" errors="0" timestamp="2024-07-23T22:17:07" hostname="DESKTOP-8VJ9NGG" time="1.113">
  <properties/>
  <testcase name="testGetInstance_SegundaVez()" classname="org.example.CalcularCombustibleTest" time="0.004"/>
  <testcase name="testCalcularCombustible()" classname="org.example.CalcularCombustibleTest" time="1.103"/>
  <testcase name="testGetInstance_PrimeraVez()" classname="org.example.CalcularCombustibleTest" time="0.002"/>
  <system-out><![CDATA[]]></system-out>
  <system-err><![CDATA[]]></system-err>
</testsuite>
