<?xml version="1.0" encoding="UTF-8"?>
<testsuite name="org.example.AvionTest" tests="1" skipped="0" failures="0" errors="0" timestamp="2024-07-20T21:17:22" hostname="DESKTOP-8VJ9NGG" time="0.056">
  <properties/>
  <testcase name="ConsumoDeCombustibleDelAAvion()" classname="org.example.AvionTest" time="0.056"/>
  <system-out><![CDATA[]]></system-out>
  <system-err><![CDATA[]]></system-err>
</testsuite>
